#-----------------------------------------------------------
# Vivado v2020.2 (64-bit)
# SW Build 3064766 on Wed Nov 18 09:12:47 MST 2020
# IP Build 3064653 on Wed Nov 18 14:17:31 MST 2020
# Start of session at: Wed Nov 10 22:46:00 2021
# Process ID: 7206
# Current directory: /home/steve/Desktop/capstone/test_vivado/pynq_training/mlp_sigmoid/solution1/impl/ip
# Command line: vivado -notrace -mode batch -source run_ippack.tcl
# Log file: /home/steve/Desktop/capstone/test_vivado/pynq_training/mlp_sigmoid/solution1/impl/ip/vivado.log
# Journal file: /home/steve/Desktop/capstone/test_vivado/pynq_training/mlp_sigmoid/solution1/impl/ip/vivado.jou
#-----------------------------------------------------------
source run_ippack.tcl -notrace
INFO: [IP_Flow 19-234] Refreshing IP repositories
INFO: [IP_Flow 19-1704] No user IP repositories specified
INFO: [IP_Flow 19-2313] Loaded Vivado IP repository '/tools/Xilinx/Vivado/2020.2/data/ip'.
INFO: [IP_Flow 19-1686] Generating 'Synthesis' target for IP 'FAcc'...
INFO: [IP_Flow 19-1686] Generating 'Simulation' target for IP 'FAcc'...
WARNING: [IP_Flow 19-4832] The IP name 'mlp_sigmoid_ap_fadd_3_full_dsp_32' you have specified is long. The Windows operating system has path length limitations. It is recommended you use shorter names to reduce the likelihood of issues.
INFO: [IP_Flow 19-1686] Generating 'Synthesis' target for IP 'mlp_sigmoid_ap_fadd_3_full_dsp_32'...
INFO: [IP_Flow 19-1686] Generating 'Simulation' target for IP 'mlp_sigmoid_ap_fadd_3_full_dsp_32'...
WARNING: [IP_Flow 19-4832] The IP name 'mlp_sigmoid_ap_fdiv_8_no_dsp_32' you have specified is long. The Windows operating system has path length limitations. It is recommended you use shorter names to reduce the likelihood of issues.
INFO: [IP_Flow 19-1686] Generating 'Synthesis' target for IP 'mlp_sigmoid_ap_fdiv_8_no_dsp_32'...
INFO: [IP_Flow 19-1686] Generating 'Simulation' target for IP 'mlp_sigmoid_ap_fdiv_8_no_dsp_32'...
WARNING: [IP_Flow 19-4832] The IP name 'mlp_sigmoid_ap_fexp_6_full_dsp_32' you have specified is long. The Windows operating system has path length limitations. It is recommended you use shorter names to reduce the likelihood of issues.
INFO: [IP_Flow 19-1686] Generating 'Synthesis' target for IP 'mlp_sigmoid_ap_fexp_6_full_dsp_32'...
INFO: [IP_Flow 19-1686] Generating 'Simulation' target for IP 'mlp_sigmoid_ap_fexp_6_full_dsp_32'...
WARNING: [IP_Flow 19-4832] The IP name 'mlp_sigmoid_ap_fmul_2_max_dsp_32' you have specified is long. The Windows operating system has path length limitations. It is recommended you use shorter names to reduce the likelihood of issues.
INFO: [IP_Flow 19-1686] Generating 'Synthesis' target for IP 'mlp_sigmoid_ap_fmul_2_max_dsp_32'...
INFO: [IP_Flow 19-1686] Generating 'Simulation' target for IP 'mlp_sigmoid_ap_fmul_2_max_dsp_32'...
INFO: [IP_Flow 19-234] Refreshing IP repositories
INFO: [IP_Flow 19-1704] No user IP repositories specified
INFO: [IP_Flow 19-2313] Loaded Vivado IP repository '/tools/Xilinx/Vivado/2020.2/data/ip'.
INFO: [Common 17-206] Exiting Vivado at Wed Nov 10 22:46:11 2021...
